SF:lib\data\models\movie_table.dart
DA:10,4
DA:17,2
DA:18,1
DA:19,1
DA:20,1
DA:21,1
DA:24,2
DA:25,1
DA:26,1
DA:27,1
DA:28,1
DA:31,0
DA:32,0
DA:33,0
DA:34,0
DA:35,0
DA:38,2
DA:39,1
DA:40,1
DA:41,1
DA:42,1
DA:45,2
DA:47,10
LF:23
LH:18
end_of_record
SF:lib\domain\entities\genre.dart
DA:4,6
DA:12,2
DA:13,6
LF:3
LH:3
end_of_record
SF:lib\domain\entities\movie.dart
DA:4,2
DA:20,1
DA:41,2
DA:42,2
DA:43,2
DA:44,2
DA:45,2
DA:46,2
DA:47,2
DA:48,2
DA:49,2
DA:50,2
DA:51,2
DA:52,2
DA:53,2
DA:54,2
DA:55,2
LF:17
LH:17
end_of_record
SF:lib\domain\entities\movie_detail.dart
DA:5,3
DA:33,1
DA:34,1
DA:35,1
DA:36,1
DA:37,1
DA:38,1
DA:39,1
DA:40,1
DA:41,1
DA:42,1
DA:43,1
DA:44,1
DA:45,1
LF:14
LH:14
end_of_record
SF:lib\data\models\movie_detail_model.dart
DA:5,2
DA:51,1
DA:52,1
DA:53,1
DA:54,1
DA:55,1
DA:56,1
DA:57,4
DA:58,1
DA:59,1
DA:60,1
DA:61,1
DA:62,1
DA:63,1
DA:64,2
DA:65,1
DA:66,1
DA:67,1
DA:68,1
DA:69,1
DA:70,1
DA:71,1
DA:72,1
DA:73,2
DA:74,1
DA:77,0
DA:78,0
DA:79,0
DA:80,0
DA:81,0
DA:82,0
DA:83,0
DA:84,0
DA:85,0
DA:86,0
DA:87,0
DA:88,0
DA:89,0
DA:90,0
DA:91,0
DA:92,0
DA:93,0
DA:94,0
DA:95,0
DA:96,0
DA:97,0
DA:98,0
DA:101,1
DA:102,1
DA:103,1
DA:104,1
DA:105,5
DA:106,1
DA:107,1
DA:108,1
DA:109,1
DA:110,1
DA:111,1
DA:112,1
DA:113,1
DA:114,1
DA:118,1
DA:119,1
DA:120,1
DA:121,1
DA:122,1
DA:123,1
DA:124,1
DA:125,1
DA:126,1
DA:127,1
DA:128,1
DA:129,1
DA:130,1
DA:131,1
DA:132,1
DA:133,1
DA:134,1
DA:135,1
DA:136,1
DA:137,1
DA:138,1
DA:139,1
DA:140,1
LF:84
LH:62
end_of_record
SF:lib\data\models\tv_series_detail_model.dart
DA:29,3
DA:55,1
DA:56,1
DA:57,1
DA:58,1
DA:59,1
DA:60,4
DA:61,1
DA:62,1
DA:63,1
DA:64,4
DA:65,1
DA:66,1
DA:67,1
DA:68,1
DA:69,4
DA:70,1
DA:71,1
DA:72,1
DA:73,2
DA:74,1
DA:75,1
DA:76,4
DA:77,1
DA:78,1
DA:79,1
DA:80,2
DA:81,1
DA:84,0
DA:85,0
DA:86,0
DA:87,0
DA:88,0
DA:89,0
DA:90,0
DA:91,0
DA:92,0
DA:93,0
DA:94,0
DA:95,0
DA:96,0
DA:97,0
DA:98,0
DA:99,0
DA:100,0
DA:101,0
DA:102,0
DA:103,0
DA:104,0
DA:105,0
DA:106,0
DA:107,0
DA:110,2
DA:111,1
DA:112,1
DA:113,5
DA:114,1
DA:115,1
DA:116,1
DA:117,1
DA:118,1
DA:119,1
DA:120,1
DA:121,5
DA:122,1
DA:123,1
DA:124,1
DA:125,1
DA:126,1
DA:129,1
DA:130,1
DA:131,1
DA:132,1
DA:133,1
DA:134,1
DA:135,1
DA:136,1
DA:137,1
DA:138,1
DA:139,1
DA:140,1
DA:141,1
DA:142,1
DA:143,1
DA:144,1
DA:145,1
DA:146,1
DA:147,1
DA:148,1
DA:149,1
DA:150,1
DA:151,1
DA:152,1
DA:153,1
LF:94
LH:70
end_of_record
SF:lib\data\datasources\movie_remote_data_source.dart
DA:20,1
DA:22,1
DA:25,3
DA:27,2
DA:28,4
DA:30,1
DA:34,1
DA:37,4
DA:39,2
DA:40,3
DA:42,1
DA:46,1
DA:48,1
DA:49,3
DA:51,2
DA:52,4
DA:54,1
DA:58,1
DA:61,3
DA:63,2
DA:64,4
DA:66,1
DA:70,1
DA:73,3
DA:75,2
DA:76,4
DA:78,1
DA:82,1
DA:84,1
DA:85,3
DA:87,2
DA:88,4
DA:90,1
LF:33
LH:33
end_of_record
SF:lib\data\datasources\series_remote_data_source.dart
DA:20,1
DA:22,1
DA:25,3
DA:27,2
DA:28,4
DA:30,1
DA:34,1
DA:37,3
DA:39,2
DA:40,4
DA:42,1
DA:46,1
DA:49,3
DA:51,2
DA:52,4
DA:54,1
DA:58,1
DA:60,4
DA:62,2
DA:63,3
DA:65,1
DA:69,1
DA:71,1
DA:72,3
DA:74,2
DA:75,4
DA:77,1
DA:81,1
DA:83,1
DA:84,3
DA:86,2
DA:87,4
DA:89,1
LF:33
LH:33
end_of_record
SF:lib\data\datasources\movie_local_data_source.dart
DA:13,1
DA:15,1
DA:18,2
DA:21,2
DA:25,1
DA:28,2
DA:31,2
DA:35,1
DA:37,2
DA:39,1
DA:45,1
DA:47,2
DA:48,4
LF:13
LH:13
end_of_record
SF:lib\data\datasources\series_local_data_source.dart
DA:13,1
DA:17,1
DA:19,2
DA:21,1
DA:27,1
DA:29,2
DA:30,4
DA:33,1
DA:36,2
DA:39,2
DA:43,1
DA:46,2
DA:49,2
LF:13
LH:13
end_of_record
SF:lib\data\datasources\db\database_helper.dart
DA:7,0
DA:11,0
DA:15,0
DA:16,0
DA:23,0
DA:24,0
DA:25,0
DA:27,0
DA:31,0
DA:32,0
DA:41,0
DA:51,0
DA:52,0
DA:53,0
DA:56,0
DA:57,0
DA:58,0
DA:61,0
DA:62,0
DA:63,0
DA:66,0
DA:70,0
DA:71,0
DA:72,0
DA:75,0
DA:79,0
DA:80,0
DA:81,0
DA:84,0
DA:87,0
DA:88,0
DA:94,0
DA:95,0
DA:96,0
DA:99,0
DA:102,0
DA:103,0
DA:109,0
DA:110,0
DA:111,0
DA:116,0
DA:117,0
DA:119,0
LF:43
LH:0
end_of_record
SF:lib\data\models\genre_model.dart
DA:5,5
DA:13,4
DA:14,2
DA:15,2
DA:18,0
DA:19,0
DA:20,0
DA:23,2
DA:24,6
DA:27,2
DA:28,6
LF:11
LH:8
end_of_record
SF:lib\data\models\movie_model.dart
DA:5,5
DA:35,4
DA:36,2
DA:37,2
DA:38,8
DA:39,2
DA:40,2
DA:41,2
DA:42,4
DA:43,2
DA:44,2
DA:45,2
DA:46,2
DA:47,4
DA:48,2
DA:51,2
DA:52,1
DA:53,1
DA:54,4
DA:55,1
DA:56,1
DA:57,1
DA:58,1
DA:59,1
DA:60,1
DA:61,1
DA:62,1
DA:63,1
DA:64,1
DA:67,2
DA:68,2
DA:69,2
DA:70,2
DA:71,2
DA:72,2
DA:73,2
DA:74,2
DA:75,2
DA:76,2
DA:77,2
DA:78,2
DA:79,2
DA:80,2
DA:81,2
DA:85,2
DA:86,2
DA:87,2
DA:88,2
DA:89,2
DA:90,2
DA:91,2
DA:92,2
DA:93,2
DA:94,2
DA:95,2
DA:96,2
DA:97,2
DA:98,2
DA:99,2
LF:59
LH:59
end_of_record
SF:lib\data\models\movie_response.dart
DA:7,3
DA:9,4
DA:10,4
DA:11,6
DA:12,6
DA:15,2
DA:16,5
DA:19,1
DA:20,2
LF:9
LH:9
end_of_record
SF:lib\data\models\season_model.dart
DA:13,4
DA:23,2
DA:24,1
DA:25,1
DA:26,1
DA:27,1
DA:28,1
DA:29,1
DA:30,1
DA:33,0
DA:34,0
DA:35,0
DA:36,0
DA:37,0
DA:38,0
DA:39,0
DA:40,0
DA:43,4
DA:44,2
DA:45,2
DA:46,2
DA:47,2
DA:48,2
DA:49,2
DA:50,2
DA:53,1
DA:54,1
DA:55,1
DA:56,1
DA:57,1
DA:58,1
DA:59,1
DA:60,1
DA:61,1
LF:34
LH:26
end_of_record
SF:lib\data\models\tv_series_model.dart
DA:19,6
DA:35,4
DA:36,2
DA:37,4
DA:38,2
DA:39,2
DA:40,4
DA:41,2
DA:42,2
DA:43,2
DA:44,0
DA:45,8
DA:46,8
DA:47,2
DA:48,2
DA:49,2
DA:50,2
DA:53,2
DA:54,1
DA:55,1
DA:56,1
DA:57,1
DA:58,1
DA:59,1
DA:60,1
DA:61,1
DA:62,0
DA:63,4
DA:64,4
DA:65,1
DA:66,1
DA:67,1
DA:68,1
DA:71,2
DA:72,2
DA:73,2
DA:74,2
DA:75,2
DA:76,2
DA:77,2
DA:78,2
DA:79,2
DA:80,2
DA:81,2
DA:82,2
DA:83,2
DA:84,2
DA:85,2
DA:89,2
DA:90,2
DA:91,2
DA:92,2
DA:93,2
DA:94,2
DA:95,2
DA:96,2
DA:97,2
DA:98,2
DA:99,2
DA:100,2
DA:101,2
DA:102,2
DA:103,2
LF:63
LH:61
end_of_record
SF:lib\data\models\tv_series_response.dart
DA:7,3
DA:9,2
DA:10,2
DA:11,4
DA:12,6
DA:13,6
DA:16,2
DA:17,5
DA:20,1
DA:21,2
LF:10
LH:10
end_of_record
SF:lib\data\models\tv_series_table.dart
DA:10,4
DA:17,2
DA:18,1
DA:19,1
DA:20,1
DA:21,1
DA:24,2
DA:25,1
DA:26,1
DA:27,1
DA:28,1
DA:31,0
DA:32,0
DA:33,0
DA:34,0
DA:35,0
DA:38,2
DA:39,1
DA:40,1
DA:41,1
DA:42,1
DA:45,2
DA:46,10
LF:23
LH:18
end_of_record
SF:lib\data\repositories\movie_repository_impl.dart
DA:9,1
DA:14,1
DA:17,2
DA:18,5
DA:19,1
DA:21,1
DA:23,0
DA:24,0
DA:26,0
DA:30,1
DA:33,2
DA:34,2
DA:35,1
DA:37,1
DA:39,0
DA:40,0
DA:42,0
DA:46,1
DA:49,2
DA:50,3
DA:51,1
DA:53,1
DA:55,0
DA:56,0
DA:58,0
DA:62,1
DA:65,2
DA:66,5
DA:67,1
DA:69,1
DA:71,0
DA:72,0
DA:74,0
DA:78,1
DA:81,2
DA:82,5
DA:83,1
DA:85,1
DA:87,0
DA:88,0
DA:90,0
DA:94,1
DA:97,2
DA:98,5
DA:99,1
DA:101,1
DA:103,0
DA:104,0
DA:106,0
DA:110,1
DA:114,3
DA:115,1
DA:116,1
DA:117,3
DA:123,1
DA:127,3
DA:128,1
DA:129,1
DA:130,3
DA:134,1
DA:136,2
DA:140,1
DA:142,2
DA:143,5
LF:64
LH:46
end_of_record
SF:lib\data\repositories\series_repository_impl.dart
DA:9,1
DA:14,1
DA:17,2
DA:18,5
DA:19,1
DA:21,1
DA:23,0
DA:24,0
DA:26,0
DA:30,1
DA:33,2
DA:34,5
DA:35,1
DA:37,1
DA:39,0
DA:40,0
DA:42,0
DA:46,1
DA:49,2
DA:50,5
DA:51,1
DA:53,1
DA:55,0
DA:56,0
DA:58,0
DA:62,1
DA:65,2
DA:66,2
DA:67,1
DA:69,1
DA:71,0
DA:72,0
DA:74,0
DA:78,1
DA:82,2
DA:83,3
DA:84,1
DA:86,1
DA:88,0
DA:89,0
DA:91,0
DA:95,1
DA:97,2
DA:98,5
DA:101,1
DA:103,2
DA:107,1
DA:110,1
DA:111,2
DA:112,1
DA:113,1
DA:114,3
DA:118,1
DA:121,1
DA:122,2
DA:123,1
DA:124,1
DA:125,3
DA:131,1
DA:134,2
DA:135,5
DA:136,1
DA:138,1
DA:140,0
DA:141,0
DA:143,0
LF:66
LH:48
end_of_record
SF:lib\domain\entities\season.dart
DA:12,5
DA:22,2
DA:23,2
DA:24,2
DA:25,2
DA:26,2
DA:27,2
DA:28,2
DA:29,2
DA:30,2
LF:10
LH:10
end_of_record
SF:lib\domain\entities\series_detail.dart
DA:22,3
DA:41,1
DA:42,1
DA:43,1
DA:44,1
DA:45,1
DA:46,1
DA:47,1
DA:48,1
DA:49,1
DA:50,1
DA:51,1
DA:52,1
DA:53,1
DA:54,1
DA:55,1
DA:56,1
DA:57,1
DA:58,1
LF:19
LH:19
end_of_record
SF:lib\domain\entities\tv_series.dart
DA:18,5
DA:34,3
DA:50,2
DA:51,2
DA:52,2
DA:53,2
DA:54,2
DA:55,2
DA:56,2
DA:57,2
DA:58,2
DA:59,2
DA:60,2
DA:61,2
DA:62,2
DA:63,2
DA:64,2
LF:17
LH:17
end_of_record
SF:lib\styles\text_styles.dart
DA:5,0
DA:6,0
DA:7,0
DA:9,0
DA:11,0
DA:15,0
LF:6
LH:0
end_of_record
SF:lib\utils\exception.dart
DA:6,4
LF:1
LH:1
end_of_record
SF:lib\utils\failure.dart
DA:6,26
DA:8,2
DA:9,4
DA:13,24
DA:17,24
DA:21,4
DA:25,0
LF:7
LH:6
end_of_record
SF:lib\utils\utils.dart
DA:3,0
LF:1
LH:0
end_of_record
