SF:lib\domain\usecase\search_movies.dart
DA:7,1
DA:9,1
DA:10,2
LF:3
LH:3
end_of_record
SF:lib\domain\usecase\search_tv_series.dart
DA:7,1
DA:9,1
DA:10,2
LF:3
LH:3
end_of_record
SF:lib\helper\event_transformer.dart
DA:4,2
DA:5,6
LF:2
LH:2
end_of_record
SF:lib\presentation\bloc\movie\search_movie_state.dart
DA:4,1
DA:6,1
DA:7,1
DA:17,1
DA:19,1
DA:20,2
DA:26,1
DA:28,1
DA:29,2
LF:9
LH:9
end_of_record
SF:lib\presentation\bloc\movie\search_movie_event.dart
DA:4,1
DA:6,0
DA:7,0
DA:13,1
DA:15,0
DA:16,0
LF:6
LH:2
end_of_record
SF:lib\presentation\bloc\movie\search_movie_bloc.dart
DA:13,3
DA:14,2
DA:15,1
DA:17,2
DA:18,2
DA:20,1
DA:21,1
DA:22,3
DA:24,1
DA:25,2
DA:28,1
LF:11
LH:11
end_of_record
SF:lib\presentation\bloc\tv_series\searchtvseries_bloc.dart
DA:14,3
DA:15,1
DA:16,1
DA:17,1
DA:19,2
DA:21,2
DA:23,1
DA:24,4
DA:25,3
DA:28,1
LF:10
LH:10
end_of_record
SF:lib\presentation\bloc\tv_series\searchtvseries_state.dart
DA:4,2
DA:6,1
DA:7,1
DA:17,2
DA:19,1
DA:20,2
DA:26,2
DA:28,1
DA:29,2
LF:9
LH:9
end_of_record
SF:lib\presentation\bloc\tv_series\searchtvseries_event.dart
DA:4,1
DA:6,0
DA:7,0
DA:13,1
DA:15,0
DA:16,0
LF:6
LH:2
end_of_record
