SF:lib\domain\usecase\get_airing_tv_series.dart
DA:7,1
DA:9,1
DA:10,2
LF:3
LH:3
end_of_record
SF:lib\domain\usecase\get_popular_tv_series.dart
DA:7,1
DA:9,1
DA:10,2
LF:3
LH:3
end_of_record
SF:lib\domain\usecase\get_top_rated_tv_series.dart
DA:7,1
DA:9,1
DA:10,2
LF:3
LH:3
end_of_record
SF:lib\domain\usecase\get_tv_series_detail.dart
DA:7,1
DA:9,1
DA:10,2
LF:3
LH:3
end_of_record
SF:lib\domain\usecase\get_tv_series_recommendations.dart
DA:7,1
DA:9,1
DA:10,2
LF:3
LH:3
end_of_record
SF:lib\presentation\bloc\now_playing_tv_series\now_playing_tv_series_bloc.dart
DA:13,1
DA:14,2
DA:15,2
DA:16,2
DA:18,2
DA:20,1
DA:21,4
DA:22,1
DA:23,1
DA:24,2
DA:25,2
LF:11
LH:11
end_of_record
SF:lib\presentation\bloc\now_playing_tv_series\now_playing_tv_series_state.dart
DA:4,1
DA:6,1
DA:7,1
DA:17,1
DA:19,1
DA:20,2
DA:26,1
DA:28,1
DA:29,2
LF:9
LH:9
end_of_record
SF:lib\presentation\bloc\now_playing_tv_series\now_playing_tv_series_event.dart
DA:4,1
DA:6,0
DA:7,0
LF:3
LH:1
end_of_record
SF:lib\presentation\bloc\popular_tv_series\popular_tv_series_state.dart
DA:4,1
DA:6,1
DA:7,1
DA:17,1
DA:19,1
DA:20,2
DA:26,1
DA:28,1
DA:29,2
LF:9
LH:9
end_of_record
SF:lib\presentation\bloc\popular_tv_series\popular_tv_series_bloc.dart
DA:13,1
DA:14,2
DA:15,2
DA:16,2
DA:18,2
DA:20,1
DA:21,4
DA:22,1
DA:23,1
DA:24,2
DA:25,2
LF:11
LH:11
end_of_record
SF:lib\presentation\bloc\popular_tv_series\popular_tv_series_event.dart
DA:4,1
DA:6,0
DA:7,0
LF:3
LH:1
end_of_record
SF:lib\presentation\bloc\top_rated_tv_series\top_rated_tv_series_event.dart
DA:4,1
DA:6,0
DA:7,0
LF:3
LH:1
end_of_record
SF:lib\presentation\bloc\top_rated_tv_series\top_rated_tv_series_state.dart
DA:4,1
DA:6,1
DA:7,1
DA:17,1
DA:19,1
DA:20,2
DA:26,1
DA:28,1
DA:29,2
LF:9
LH:9
end_of_record
SF:lib\presentation\bloc\top_rated_tv_series\top_rated_tv_series_bloc.dart
DA:13,1
DA:14,2
DA:15,2
DA:16,2
DA:18,2
DA:20,1
DA:21,4
DA:22,1
DA:23,1
DA:24,2
DA:25,2
LF:11
LH:11
end_of_record
SF:lib\presentation\bloc\tv_series_detail\detail_tv_series_state.dart
DA:4,1
DA:6,1
DA:7,1
DA:17,1
DA:19,1
DA:20,2
DA:27,1
DA:29,1
DA:30,3
DA:36,1
DA:38,1
DA:39,2
LF:12
LH:12
end_of_record
SF:lib\presentation\bloc\tv_series_detail\detail_tv_series_event.dart
DA:4,1
DA:6,0
DA:7,0
DA:13,1
DA:15,0
DA:16,0
LF:6
LH:2
end_of_record
SF:lib\presentation\bloc\tv_series_detail\detail_tv_series_bloc.dart
DA:14,1
DA:17,2
DA:18,2
DA:19,2
DA:21,3
DA:22,3
DA:24,1
DA:25,1
DA:26,3
DA:28,1
DA:29,4
DA:30,0
DA:33,1
DA:34,1
DA:35,0
DA:36,1
DA:37,1
DA:38,2
DA:39,2
LF:19
LH:17
end_of_record
SF:lib\presentation\widget\tv_series_card_list.dart
DA:12,0
DA:14,0
DA:16,0
DA:18,0
DA:19,0
DA:20,0
DA:23,0
DA:26,0
DA:28,0
DA:29,0
DA:30,0
DA:36,0
DA:38,0
DA:39,0
DA:40,0
DA:43,0
DA:46,0
DA:47,0
DA:55,0
DA:60,0
DA:62,0
DA:63,0
DA:65,0
DA:68,0
LF:24
LH:0
end_of_record
