SF:lib\domain\usecase\movie\get_watchlist_movies.dart
DA:7,1
DA:9,1
DA:10,2
LF:3
LH:3
end_of_record
SF:lib\domain\usecase\movie\get_watchlist_status.dart
DA:6,1
DA:8,1
DA:9,2
LF:3
LH:3
end_of_record
SF:lib\domain\usecase\movie\remove_watchlist.dart
DA:7,1
DA:9,1
DA:10,2
LF:3
LH:3
end_of_record
SF:lib\domain\usecase\movie\save_watchlist.dart
DA:7,1
DA:9,1
DA:10,2
LF:3
LH:3
end_of_record
SF:lib\domain\usecase\tv_series\get_watchlist_status_tv_series.dart
DA:6,1
DA:8,1
DA:9,2
LF:3
LH:3
end_of_record
SF:lib\domain\usecase\tv_series\get_watchlist_tv_series.dart
DA:7,1
DA:9,1
DA:10,2
LF:3
LH:3
end_of_record
SF:lib\domain\usecase\tv_series\remove_tv_series_watchlist.dart
DA:7,1
DA:9,1
DA:10,2
LF:3
LH:3
end_of_record
SF:lib\domain\usecase\tv_series\save_tv_series_watchlist.dart
DA:7,1
DA:9,1
DA:10,2
LF:3
LH:3
end_of_record
SF:lib\presentation\bloc\get_all_watchlist\get_all_watchlist_state.dart
DA:4,1
DA:6,1
DA:7,1
DA:17,1
DA:19,1
DA:20,2
DA:26,1
DA:28,1
DA:29,2
DA:36,1
DA:38,1
DA:39,3
LF:12
LH:12
end_of_record
SF:lib\presentation\bloc\get_all_watchlist\get_all_watchlist_bloc.dart
DA:13,1
DA:16,2
DA:17,2
DA:18,2
DA:20,2
DA:21,2
DA:23,1
DA:24,1
DA:25,3
DA:27,1
DA:28,4
DA:29,0
DA:32,1
DA:33,1
DA:34,0
DA:35,1
DA:36,1
DA:37,2
DA:39,2
LF:19
LH:17
end_of_record
SF:lib\presentation\bloc\get_all_watchlist\get_all_watchlist_event.dart
DA:4,1
DA:6,0
DA:7,0
LF:3
LH:1
end_of_record
SF:lib\presentation\bloc\watchlist_movie\watchlist_movie_state.dart
DA:4,1
DA:6,1
DA:7,1
DA:17,1
DA:19,1
DA:20,2
DA:26,1
DA:28,1
DA:29,2
DA:35,1
DA:37,1
DA:38,2
DA:44,1
DA:46,1
DA:47,2
LF:15
LH:15
end_of_record
SF:lib\presentation\bloc\watchlist_movie\watchlist_movie_bloc.dart
DA:16,1
DA:21,2
DA:22,2
DA:23,2
DA:25,2
DA:26,1
DA:27,4
DA:28,1
DA:29,1
DA:30,2
DA:32,2
DA:38,2
DA:39,3
DA:40,2
DA:43,2
DA:44,3
DA:46,1
DA:47,4
DA:48,1
DA:49,2
DA:51,4
DA:56,2
DA:57,3
DA:59,1
DA:60,4
DA:61,1
DA:62,2
LF:27
LH:27
end_of_record
SF:lib\presentation\bloc\watchlist_movie\watchlist_movie_event.dart
DA:4,1
DA:6,0
DA:7,0
DA:15,1
DA:17,1
DA:18,2
DA:24,1
DA:26,1
DA:27,2
DA:33,1
DA:35,1
DA:36,2
LF:12
LH:10
end_of_record
SF:lib\presentation\bloc\watchlist_tv_series\watchlist_tv_series_event.dart
DA:4,1
DA:6,0
DA:7,0
DA:15,1
DA:17,1
DA:18,2
DA:24,1
DA:26,1
DA:27,2
DA:33,1
DA:35,1
DA:36,2
LF:12
LH:10
end_of_record
SF:lib\presentation\bloc\watchlist_tv_series\watchlist_tv_series_state.dart
DA:4,1
DA:6,1
DA:7,1
DA:17,1
DA:19,1
DA:20,2
DA:26,1
DA:28,1
DA:29,2
DA:35,1
DA:37,1
DA:38,2
DA:44,1
DA:46,1
DA:47,2
LF:15
LH:15
end_of_record
SF:lib\presentation\bloc\watchlist_tv_series\watchlist_tv_series_bloc.dart
DA:16,1
DA:21,2
DA:22,2
DA:23,2
DA:25,2
DA:27,1
DA:28,4
DA:29,1
DA:30,1
DA:31,2
DA:32,2
DA:37,2
DA:38,3
DA:40,1
DA:41,4
DA:42,1
DA:43,2
DA:48,2
DA:49,3
DA:51,1
DA:52,4
DA:53,3
DA:57,2
DA:58,3
DA:59,2
LF:25
LH:25
end_of_record
SF:lib\presentation\pages\bloc_watchlist_page.dart
DA:10,0
DA:12,0
DA:13,0
DA:17,0
DA:19,0
DA:20,0
DA:21,0
DA:25,0
DA:27,0
DA:28,0
DA:31,0
DA:33,0
DA:36,0
DA:38,0
DA:39,0
DA:42,0
DA:44,0
DA:45,0
DA:46,0
DA:50,0
DA:51,0
DA:52,0
DA:53,0
DA:54,0
DA:57,0
DA:73,0
DA:75,0
DA:76,0
LF:28
LH:0
end_of_record
