SF:lib\domain\usecase\movie\get_watchlist_movies.dart
DA:7,1
DA:9,1
DA:10,2
LF:3
LH:3
end_of_record
SF:lib\domain\usecase\movie\get_watchlist_status.dart
DA:6,1
DA:8,1
DA:9,2
LF:3
LH:3
end_of_record
SF:lib\domain\usecase\movie\remove_watchlist.dart
DA:7,1
DA:9,1
DA:10,2
LF:3
LH:3
end_of_record
SF:lib\domain\usecase\movie\save_watchlist.dart
DA:7,1
DA:9,1
DA:10,2
LF:3
LH:3
end_of_record
SF:lib\domain\usecase\tv_series\get_watchlist_status_tv_series.dart
DA:6,1
DA:8,1
DA:9,2
LF:3
LH:3
end_of_record
SF:lib\domain\usecase\tv_series\get_watchlist_tv_series.dart
DA:7,1
DA:9,1
DA:10,2
LF:3
LH:3
end_of_record
SF:lib\domain\usecase\tv_series\remove_tv_series_watchlist.dart
DA:7,1
DA:9,1
DA:10,2
LF:3
LH:3
end_of_record
SF:lib\domain\usecase\tv_series\save_tv_series_watchlist.dart
DA:7,1
DA:9,1
DA:10,2
LF:3
LH:3
end_of_record
SF:lib\presentation\bloc\watchlist_movie\watchlist_movie_state.dart
DA:4,1
DA:6,1
DA:7,1
DA:17,1
DA:19,1
DA:20,2
DA:26,1
DA:28,1
DA:29,2
DA:35,1
DA:37,1
DA:38,2
DA:44,1
DA:46,1
DA:47,2
LF:15
LH:15
end_of_record
SF:lib\presentation\bloc\watchlist_movie\watchlist_movie_bloc.dart
DA:16,1
DA:21,2
DA:22,2
DA:23,2
DA:25,2
DA:26,1
DA:27,4
DA:28,1
DA:29,1
DA:30,2
DA:32,2
DA:38,2
DA:39,3
DA:40,2
DA:43,2
DA:44,3
DA:46,1
DA:47,4
DA:48,1
DA:49,2
DA:51,4
DA:56,2
DA:57,3
DA:59,1
DA:60,4
DA:61,1
DA:62,2
LF:27
LH:27
end_of_record
SF:lib\presentation\bloc\watchlist_movie\watchlist_movie_event.dart
DA:4,1
DA:6,0
DA:7,0
DA:15,1
DA:17,1
DA:18,2
DA:24,1
DA:26,1
DA:27,2
DA:33,1
DA:35,1
DA:36,2
LF:12
LH:10
end_of_record
SF:lib\presentation\bloc\watchlist_tv_series\watchlist_tv_series_event.dart
DA:4,1
DA:6,0
DA:7,0
DA:15,1
DA:17,1
DA:18,2
DA:24,1
DA:26,1
DA:27,2
DA:33,1
DA:35,1
DA:36,2
LF:12
LH:10
end_of_record
SF:lib\presentation\bloc\watchlist_tv_series\watchlist_tv_series_state.dart
DA:4,1
DA:6,1
DA:7,1
DA:17,1
DA:19,1
DA:20,2
DA:26,1
DA:28,1
DA:29,2
DA:35,1
DA:37,1
DA:38,2
DA:44,1
DA:46,1
DA:47,2
LF:15
LH:15
end_of_record
SF:lib\presentation\bloc\watchlist_tv_series\watchlist_tv_series_bloc.dart
DA:16,1
DA:21,2
DA:22,2
DA:23,2
DA:25,2
DA:27,1
DA:28,4
DA:29,1
DA:30,1
DA:31,2
DA:32,2
DA:37,2
DA:38,3
DA:40,1
DA:41,4
DA:42,1
DA:43,2
DA:44,4
DA:49,2
DA:50,3
DA:52,1
DA:53,4
DA:54,3
DA:58,2
DA:59,3
DA:60,2
LF:26
LH:26
end_of_record
SF:lib\presentation\pages\bloc_watchlist_page.dart
DA:8,0
DA:10,0
DA:11,0
DA:15,0
DA:17,0
DA:18,0
DA:19,0
DA:20,0
DA:24,0
DA:26,0
DA:27,0
DA:30,0
DA:32,0
DA:33,0
DA:36,0
DA:38,0
DA:39,0
DA:41,0
DA:42,0
DA:45,0
DA:47,0
DA:48,0
DA:59,0
DA:60,0
DA:61,0
DA:62,0
DA:63,0
DA:64,0
DA:68,0
DA:69,0
DA:70,0
DA:71,0
DA:74,0
DA:75,0
DA:77,0
DA:80,0
DA:90,0
DA:91,0
DA:92,0
DA:96,0
DA:97,0
DA:98,0
DA:99,0
DA:102,0
DA:103,0
DA:105,0
DA:108,0
DA:125,0
DA:127,0
DA:128,0
LF:50
LH:0
end_of_record
